#
# There is insufficient memory for the Java Runtime Environment to continue.
# Native memory allocation (mmap) failed to map 1069547520 bytes for committing reserved memory.
# Possible reasons:
#   The system is out of physical RAM or swap space
#   In 32 bit mode, the process size limit was hit
# Possible solutions:
#   Reduce memory load on the system
#   Increase physical memory or swap space
#   Check if swap backing store is full
#   Use 64 bit Java on a 64 bit OS
#   Decrease Java heap size (-Xmx/-Xms)
#   Decrease number of Java threads
#   Decrease Java thread stack sizes (-Xss)
#   Set larger code cache with -XX:ReservedCodeCacheSize=
# This output file may be truncated or incomplete.
#
#  Out of Memory Error (os_linux.cpp:2643), pid=24339, tid=0x00007fa81e685700
#
# JRE version: OpenJDK Runtime Environment (8.0_162-b12) (build 1.8.0_162-8u162-b12-0ubuntu0.16.04.2-b12)
# Java VM: OpenJDK 64-Bit Server VM (25.162-b12 mixed mode linux-amd64 compressed oops)
# Failed to write core dump. Core dumps have been disabled. To enable core dumping, try "ulimit -c unlimited" before starting Java again
#

---------------  T H R E A D  ---------------

Current thread (0x00007fa848078000):  VMThread [stack: 0x00007fa81e585000,0x00007fa81e686000] [id=24345]

Stack: [0x00007fa81e585000,0x00007fa81e686000],  sp=0x00007fa81e6844c0,  free space=1021k
Native frames: (J=compiled Java code, j=interpreted, Vv=VM code, C=native code)
V  [libjvm.so+0xa6d16b]
V  [libjvm.so+0x4c698c]
V  [libjvm.so+0x8b9e18]
V  [libjvm.so+0x8b41ae]
V  [libjvm.so+0x92f596]
V  [libjvm.so+0x9308c3]
V  [libjvm.so+0x92cf8b]
V  [libjvm.so+0x92d23c]
V  [libjvm.so+0x8deb53]
V  [libjvm.so+0xa6ee12]
V  [libjvm.so+0xa73fd7]
V  [libjvm.so+0xa716d7]
V  [libjvm.so+0xa72b5f]
V  [libjvm.so+0xa73051]
V  [libjvm.so+0x8b7222]

VM_Operation (0x00007fa852527690): ParallelGCFailedAllocation, mode: safepoint, requested by thread 0x00007fa84800a800


---------------  P R O C E S S  ---------------

Java Threads: ( => current thread )
  0x00007fa8480ba000 JavaThread "Service Thread" daemon [_thread_blocked, id=24352, stack(0x00007fa81da66000,0x00007fa81db67000)]
  0x00007fa8480b3000 JavaThread "C1 CompilerThread2" daemon [_thread_blocked, id=24351, stack(0x00007fa81db67000,0x00007fa81dc68000)]
  0x00007fa8480b1800 JavaThread "C2 CompilerThread1" daemon [_thread_blocked, id=24350, stack(0x00007fa81dc68000,0x00007fa81dd69000)]
  0x00007fa8480ae800 JavaThread "C2 CompilerThread0" daemon [_thread_blocked, id=24349, stack(0x00007fa81dd69000,0x00007fa81de6a000)]
  0x00007fa8480ac800 JavaThread "Signal Dispatcher" daemon [_thread_blocked, id=24348, stack(0x00007fa81de6a000,0x00007fa81df6b000)]
  0x00007fa848084000 JavaThread "Finalizer" daemon [_thread_blocked, id=24347, stack(0x00007fa81e383000,0x00007fa81e484000)]
  0x00007fa84807f800 JavaThread "Reference Handler" daemon [_thread_blocked, id=24346, stack(0x00007fa81e484000,0x00007fa81e585000)]
  0x00007fa84800a800 JavaThread "main" [_thread_blocked, id=24340, stack(0x00007fa852428000,0x00007fa852529000)]

Other Threads:
=>0x00007fa848078000 VMThread [stack: 0x00007fa81e585000,0x00007fa81e686000] [id=24345]
  0x00007fa8480bc800 WatcherThread [stack: 0x00007fa81d965000,0x00007fa81da66000] [id=24353]

VM state:at safepoint (normal execution)

VM Mutex/Monitor currently owned by a thread:  ([mutex/lock_event])
[0x00007fa848006c00] Threads_lock - owner thread: 0x00007fa848078000
[0x00007fa848007100] Heap_lock - owner thread: 0x00007fa84800a800

Heap:
 PSYoungGen      total 801792K, used 31712K [0x00000006c6180000, 0x00000006f8f80000, 0x00000007c0000000)
  eden space 770048K, 0% used [0x00000006c6180000,0x00000006c6180000,0x00000006f5180000)
  from space 31744K, 99% used [0x00000006f5180000,0x00000006f7078010,0x00000006f7080000)
  to   space 31744K, 0% used [0x00000006f7080000,0x00000006f7080000,0x00000006f8f80000)
 ParOldGen       total 512000K, used 372104K [0x00000004d2400000, 0x00000004f1800000, 0x00000006c6180000)
  object space 512000K, 72% used [0x00000004d2400000,0x00000004e8f62080,0x00000004f1800000)
 Metaspace       used 3530K, capacity 4606K, committed 4864K, reserved 1056768K
  class space    used 397K, capacity 430K, committed 512K, reserved 1048576K

Card table byte_map: [0x00007fa84d368000,0x00007fa84ead7000] byte_map_base: 0x00007fa84acd6000

Marking Bits: (ParMarkBitMap*) 0x00007fa8516f0300
 Begin Bits: [0x00007fa82181f000, 0x00007fa82d38f000)
 End Bits:   [0x00007fa82d38f000, 0x00007fa838eff000)

Polling page: 0x00007fa852544000

CodeCache: size=245760Kb used=1387Kb max_used=1395Kb free=244372Kb
 bounds [0x00007fa839000000, 0x00007fa839270000, 0x00007fa848000000]
 total_blobs=386 nmethods=130 adapters=171
 compilation: enabled

Compilation events (10 events):
Event: 0.980 Thread 0x00007fa8480b1800  126 %     4       Solver::<init> @ 60 (264 bytes)
Event: 1.035 Thread 0x00007fa8480b1800 nmethod 126% 0x00007fa83914cd50 code [0x00007fa83914cfa0, 0x00007fa83914dd70]
Event: 1.407 Thread 0x00007fa8480b3000  127       3       Solver$Node::distance (8 bytes)
Event: 1.407 Thread 0x00007fa8480b3000 nmethod 127 0x00007fa839140750 code [0x00007fa8391408c0, 0x00007fa839140a48]
Event: 1.407 Thread 0x00007fa8480b3000  128 %     3       Solver::<init> @ 189 (264 bytes)
Event: 1.408 Thread 0x00007fa8480b3000 nmethod 128% 0x00007fa83914f410 code [0x00007fa83914f720, 0x00007fa839150ac8]
Event: 1.518 Thread 0x00007fa8480ae800  129 %     4       Solver::<init> @ 60 (264 bytes)
Event: 1.576 Thread 0x00007fa8480ae800 nmethod 129% 0x00007fa83915c0d0 code [0x00007fa83915c380, 0x00007fa83915d550]
Event: 1.578 Thread 0x00007fa8480b1800  130 %     4       Solver::<init> @ 189 (264 bytes)
Event: 1.617 Thread 0x00007fa8480b1800 nmethod 130% 0x00007fa839160510 code [0x00007fa8391607e0, 0x00007fa839161b30]

GC Heap History (9 events):
Event: 1.207 GC heap before
{Heap before GC invocations=1 (full 0):
 PSYoungGen      total 224256K, used 192512K [0x00000006c6180000, 0x00000006d5b80000, 0x00000007c0000000)
  eden space 192512K, 100% used [0x00000006c6180000,0x00000006d1d80000,0x00000006d1d80000)
  from space 31744K, 0% used [0x00000006d3c80000,0x00000006d3c80000,0x00000006d5b80000)
  to   space 31744K, 0% used [0x00000006d1d80000,0x00000006d1d80000,0x00000006d3c80000)
 ParOldGen       total 512000K, used 0K [0x00000004d2400000, 0x00000004f1800000, 0x00000006c6180000)
  object space 512000K, 0% used [0x00000004d2400000,0x00000004d2400000,0x00000004f1800000)
 Metaspace       used 3530K, capacity 4606K, committed 4864K, reserved 1056768K
  class space    used 397K, capacity 430K, committed 512K, reserved 1048576K
Event: 1.301 GC heap after
Heap after GC invocations=1 (full 0):
 PSYoungGen      total 224256K, used 31712K [0x00000006c6180000, 0x00000006e1780000, 0x00000007c0000000)
  eden space 192512K, 0% used [0x00000006c6180000,0x00000006c6180000,0x00000006d1d80000)
  from space 31744K, 99% used [0x00000006d1d80000,0x00000006d3c78030,0x00000006d3c80000)
  to   space 31744K, 0% used [0x00000006df880000,0x00000006df880000,0x00000006e1780000)
 ParOldGen       total 512000K, used 23912K [0x00000004d2400000, 0x00000004f1800000, 0x00000006c6180000)
  object space 512000K, 4% used [0x00000004d2400000,0x00000004d3b5a000,0x00000004f1800000)
 Metaspace       used 3530K, capacity 4606K, committed 4864K, reserved 1056768K
  class space    used 397K, capacity 430K, committed 512K, reserved 1048576K
}
Event: 2.021 GC heap before
{Heap before GC invocations=2 (full 0):
 PSYoungGen      total 224256K, used 224224K [0x00000006c6180000, 0x00000006e1780000, 0x00000007c0000000)
  eden space 192512K, 100% used [0x00000006c6180000,0x00000006d1d80000,0x00000006d1d80000)
  from space 31744K, 99% used [0x00000006d1d80000,0x00000006d3c78030,0x00000006d3c80000)
  to   space 31744K, 0% used [0x00000006df880000,0x00000006df880000,0x00000006e1780000)
 ParOldGen       total 512000K, used 23912K [0x00000004d2400000, 0x00000004f1800000, 0x00000006c6180000)
  object space 512000K, 4% used [0x00000004d2400000,0x00000004d3b5a000,0x00000004f1800000)
 Metaspace       used 3530K, capacity 4606K, committed 4864K, reserved 1056768K
  class space    used 397K, capacity 430K, committed 512K, reserved 1048576K
Event: 2.175 GC heap after
Heap after GC invocations=2 (full 0):
 PSYoungGen      total 416768K, used 31728K [0x00000006c6180000, 0x00000006e1780000, 0x00000007c0000000)
  eden space 385024K, 0% used [0x00000006c6180000,0x00000006c6180000,0x00000006dd980000)
  from space 31744K, 99% used [0x00000006df880000,0x00000006e177c020,0x00000006e1780000)
  to   space 31744K, 0% used [0x00000006dd980000,0x00000006dd980000,0x00000006df880000)
 ParOldGen       total 512000K, used 79664K [0x00000004d2400000, 0x00000004f1800000, 0x00000006c6180000)
  object space 512000K, 15% used [0x00000004d2400000,0x00000004d71cc000,0x00000004f1800000)
 Metaspace       used 3530K, capacity 4606K, committed 4864K, reserved 1056768K
  class space    used 397K, capacity 430K, committed 512K, reserved 1048576K
}
Event: 3.154 GC heap before
{Heap before GC invocations=3 (full 0):
 PSYoungGen      total 416768K, used 416752K [0x00000006c6180000, 0x00000006e1780000, 0x00000007c0000000)
  eden space 385024K, 100% used [0x00000006c6180000,0x00000006dd980000,0x00000006dd980000)
  from space 31744K, 99% used [0x00000006df880000,0x00000006e177c020,0x00000006e1780000)
  to   space 31744K, 0% used [0x00000006dd980000,0x00000006dd980000,0x00000006df880000)
 ParOldGen       total 512000K, used 79664K [0x00000004d2400000, 0x00000004f1800000, 0x00000006c6180000)
  object space 512000K, 15% used [0x00000004d2400000,0x00000004d71cc000,0x00000004f1800000)
 Metaspace       used 3530K, capacity 4606K, committed 4864K, reserved 1056768K
  class space    used 397K, capacity 430K, committed 512K, reserved 1048576K
Event: 3.475 GC heap after
Heap after GC invocations=3 (full 0):
 PSYoungGen      total 416768K, used 31712K [0x00000006c6180000, 0x00000006f8f80000, 0x00000007c0000000)
  eden space 385024K, 0% used [0x00000006c6180000,0x00000006c6180000,0x00000006dd980000)
  from space 31744K, 99% used [0x00000006dd980000,0x00000006df878030,0x00000006df880000)
  to   space 31744K, 0% used [0x00000006f7080000,0x00000006f7080000,0x00000006f8f80000)
 ParOldGen       total 512000K, used 184808K [0x00000004d2400000, 0x00000004f1800000, 0x00000006c6180000)
  object space 512000K, 36% used [0x00000004d2400000,0x00000004dd87a000,0x00000004f1800000)
 Metaspace       used 3530K, capacity 4606K, committed 4864K, reserved 1056768K
  class space    used 397K, capacity 430K, committed 512K, reserved 1048576K
}
Event: 4.412 GC heap before
{Heap before GC invocations=4 (full 0):
 PSYoungGen      total 416768K, used 416736K [0x00000006c6180000, 0x00000006f8f80000, 0x00000007c0000000)
  eden space 385024K, 100% used [0x00000006c6180000,0x00000006dd980000,0x00000006dd980000)
  from space 31744K, 99% used [0x00000006dd980000,0x00000006df878030,0x00000006df880000)
  to   space 31744K, 0% used [0x00000006f7080000,0x00000006f7080000,0x00000006f8f80000)
 ParOldGen       total 512000K, used 184808K [0x00000004d2400000, 0x00000004f1800000, 0x00000006c6180000)
  object space 512000K, 36% used [0x00000004d2400000,0x00000004dd87a000,0x00000004f1800000)
 Metaspace       used 3530K, capacity 4606K, committed 4864K, reserved 1056768K
  class space    used 397K, capacity 430K, committed 512K, reserved 1048576K
Event: 4.639 GC heap after
Heap after GC invocations=4 (full 0):
 PSYoungGen      total 801792K, used 31712K [0x00000006c6180000, 0x00000006f8f80000, 0x00000007c0000000)
  eden space 770048K, 0% used [0x00000006c6180000,0x00000006c6180000,0x00000006f5180000)
  from space 31744K, 99% used [0x00000006f7080000,0x00000006f8f78010,0x00000006f8f80000)
  to   space 31744K, 0% used [0x00000006f5180000,0x00000006f5180000,0x00000006f7080000)
 ParOldGen       total 512000K, used 272752K [0x00000004d2400000, 0x00000004f1800000, 0x00000006c6180000)
  object space 512000K, 53% used [0x00000004d2400000,0x00000004e2e5c080,0x00000004f1800000)
 Metaspace       used 3530K, capacity 4606K, committed 4864K, reserved 1056768K
  class space    used 397K, capacity 430K, committed 512K, reserved 1048576K
}
Event: 6.585 GC heap before
{Heap before GC invocations=5 (full 0):
 PSYoungGen      total 801792K, used 801760K [0x00000006c6180000, 0x00000006f8f80000, 0x00000007c0000000)
  eden space 770048K, 100% used [0x00000006c6180000,0x00000006f5180000,0x00000006f5180000)
  from space 31744K, 99% used [0x00000006f7080000,0x00000006f8f78010,0x00000006f8f80000)
  to   space 31744K, 0% used [0x00000006f5180000,0x00000006f5180000,0x00000006f7080000)
 ParOldGen       total 512000K, used 272752K [0x00000004d2400000, 0x00000004f1800000, 0x00000006c6180000)
  object space 512000K, 53% used [0x00000004d2400000,0x00000004e2e5c080,0x00000004f1800000)
 Metaspace       used 3530K, capacity 4606K, committed 4864K, reserved 1056768K
  class space    used 397K, capacity 430K, committed 512K, reserved 1048576K

Deoptimization events (2 events):
Event: 1.405 Thread 0x00007fa84800a800 Uncommon trap: reason=unstable_if action=reinterpret pc=0x00007fa839156170 method=Board.isGoal()Z @ 14
Event: 1.423 Thread 0x00007fa84800a800 Uncommon trap: reason=unstable_if action=reinterpret pc=0x00007fa83914da10 method=Solver.<init>(LBoard;)V @ 154

Classes redefined (0 events):
No events

Internal exceptions (8 events):
Event: 0.019 Thread 0x00007fa84800a800 Exception <a 'java/lang/NoSuchMethodError': Method sun.misc.Unsafe.defineClass(Ljava/lang/String;[BII)Ljava/lang/Class; name or signature does not match> (0x00000006c6187ca0) thrown at [/build/openjdk-8-OdO8jS/openjdk-8-8u162-b12/src/hotspot/src/share/vm/
Event: 0.019 Thread 0x00007fa84800a800 Exception <a 'java/lang/NoSuchMethodError': Method sun.misc.Unsafe.prefetchRead(Ljava/lang/Object;J)V name or signature does not match> (0x00000006c6187f88) thrown at [/build/openjdk-8-OdO8jS/openjdk-8-8u162-b12/src/hotspot/src/share/vm/prims/jni.cpp, lin
Event: 0.176 Thread 0x00007fa84800a800 Exception <a 'java/security/PrivilegedActionException'> (0x00000006c6209510) thrown at [/build/openjdk-8-OdO8jS/openjdk-8-8u162-b12/src/hotspot/src/share/vm/prims/jvm.cpp, line 1390]
Event: 0.176 Thread 0x00007fa84800a800 Exception <a 'java/security/PrivilegedActionException'> (0x00000006c6209908) thrown at [/build/openjdk-8-OdO8jS/openjdk-8-8u162-b12/src/hotspot/src/share/vm/prims/jvm.cpp, line 1390]
Event: 0.176 Thread 0x00007fa84800a800 Exception <a 'java/security/PrivilegedActionException'> (0x00000006c620bb78) thrown at [/build/openjdk-8-OdO8jS/openjdk-8-8u162-b12/src/hotspot/src/share/vm/prims/jvm.cpp, line 1390]
Event: 0.176 Thread 0x00007fa84800a800 Exception <a 'java/security/PrivilegedActionException'> (0x00000006c620bf70) thrown at [/build/openjdk-8-OdO8jS/openjdk-8-8u162-b12/src/hotspot/src/share/vm/prims/jvm.cpp, line 1390]
Event: 0.176 Thread 0x00007fa84800a800 Exception <a 'java/security/PrivilegedActionException'> (0x00000006c620cc30) thrown at [/build/openjdk-8-OdO8jS/openjdk-8-8u162-b12/src/hotspot/src/share/vm/prims/jvm.cpp, line 1390]
Event: 0.176 Thread 0x00007fa84800a800 Exception <a 'java/security/PrivilegedActionException'> (0x00000006c620d028) thrown at [/build/openjdk-8-OdO8jS/openjdk-8-8u162-b12/src/hotspot/src/share/vm/prims/jvm.cpp, line 1390]

Events (10 events):
Event: 1.628 Thread 0x00007fa84800a800 DEOPT UNPACKING pc=0x00007fa8390474c4 sp=0x00007fa852527640 mode 0
Event: 2.021 Executing VM operation: ParallelGCFailedAllocation
Event: 2.175 Executing VM operation: ParallelGCFailedAllocation done
Event: 3.154 Executing VM operation: ParallelGCFailedAllocation
Event: 3.475 Executing VM operation: ParallelGCFailedAllocation done
Event: 4.142 Executing VM operation: EnableBiasedLocking
Event: 4.147 Executing VM operation: EnableBiasedLocking done
Event: 4.412 Executing VM operation: ParallelGCFailedAllocation
Event: 4.639 Executing VM operation: ParallelGCFailedAllocation done
Event: 6.585 Executing VM operation: ParallelGCFailedAllocation


Dynamic libraries:
00400000-00401000 r-xp 00000000 08:01 1973507                            /usr/lib/jvm/java-8-openjdk-amd64/jre/bin/java
00600000-00601000 r--p 00000000 08:01 1973507                            /usr/lib/jvm/java-8-openjdk-amd64/jre/bin/java
00601000-00602000 rw-p 00001000 08:01 1973507                            /usr/lib/jvm/java-8-openjdk-amd64/jre/bin/java
00902000-00923000 rw-p 00000000 00:00 0                                  [heap]
4d2400000-4f1800000 rw-p 00000000 00:00 0 
4f1800000-6c6180000 ---p 00000000 00:00 0 
6c6180000-6f8f80000 rw-p 00000000 00:00 0 
738b80000-7c0000000 ---p 00000000 00:00 0 
7c0000000-7c0080000 rw-p 00000000 00:00 0 
7c0080000-800000000 ---p 00000000 00:00 0 
7fa7e4fff000-7fa7e8000000 rw-p 00000000 00:00 0 
7fa7e8000000-7fa7e8021000 rw-p 00000000 00:00 0 
7fa7e8021000-7fa7ec000000 ---p 00000000 00:00 0 
7fa7ec000000-7fa7ec021000 rw-p 00000000 00:00 0 
7fa7ec021000-7fa7f0000000 ---p 00000000 00:00 0 
7fa7f0000000-7fa7f08e6000 rw-p 00000000 00:00 0 
7fa7f08e6000-7fa7f4000000 ---p 00000000 00:00 0 
7fa7f4000000-7fa7f4056000 rw-p 00000000 00:00 0 
7fa7f4056000-7fa7f8000000 ---p 00000000 00:00 0 
7fa7f8000000-7fa7f8021000 rw-p 00000000 00:00 0 
7fa7f8021000-7fa7fc000000 ---p 00000000 00:00 0 
7fa7fc000000-7fa7fc9df000 rw-p 00000000 00:00 0 
7fa7fc9df000-7fa800000000 ---p 00000000 00:00 0 
7fa800000000-7fa800021000 rw-p 00000000 00:00 0 
7fa800021000-7fa804000000 ---p 00000000 00:00 0 
7fa804000000-7fa804021000 rw-p 00000000 00:00 0 
7fa804021000-7fa808000000 ---p 00000000 00:00 0 
7fa808000000-7fa808021000 rw-p 00000000 00:00 0 
7fa808021000-7fa80c000000 ---p 00000000 00:00 0 
7fa80c000000-7fa80c021000 rw-p 00000000 00:00 0 
7fa80c021000-7fa810000000 ---p 00000000 00:00 0 
7fa810000000-7fa810021000 rw-p 00000000 00:00 0 
7fa810021000-7fa814000000 ---p 00000000 00:00 0 
7fa814000000-7fa814021000 rw-p 00000000 00:00 0 
7fa814021000-7fa818000000 ---p 00000000 00:00 0 
7fa818000000-7fa818021000 rw-p 00000000 00:00 0 
7fa818021000-7fa81c000000 ---p 00000000 00:00 0 
7fa81d504000-7fa81d515000 r-xp 00000000 08:01 1973484                    /usr/lib/jvm/java-8-openjdk-amd64/jre/lib/amd64/libnio.so
7fa81d515000-7fa81d715000 ---p 00011000 08:01 1973484                    /usr/lib/jvm/java-8-openjdk-amd64/jre/lib/amd64/libnio.so
7fa81d715000-7fa81d716000 r--p 00011000 08:01 1973484                    /usr/lib/jvm/java-8-openjdk-amd64/jre/lib/amd64/libnio.so
7fa81d716000-7fa81d717000 rw-p 00012000 08:01 1973484                    /usr/lib/jvm/java-8-openjdk-amd64/jre/lib/amd64/libnio.so
7fa81d717000-7fa81d72d000 r-xp 00000000 08:01 1973478                    /usr/lib/jvm/java-8-openjdk-amd64/jre/lib/amd64/libnet.so
7fa81d72d000-7fa81d92d000 ---p 00016000 08:01 1973478                    /usr/lib/jvm/java-8-openjdk-amd64/jre/lib/amd64/libnet.so
7fa81d92d000-7fa81d92e000 r--p 00016000 08:01 1973478                    /usr/lib/jvm/java-8-openjdk-amd64/jre/lib/amd64/libnet.so
7fa81d92e000-7fa81d92f000 rw-p 00017000 08:01 1973478                    /usr/lib/jvm/java-8-openjdk-amd64/jre/lib/amd64/libnet.so
7fa81d92f000-7fa81d94a000 r--s 001d6000 08:01 1973433                    /usr/lib/jvm/java-8-openjdk-amd64/jre/lib/ext/nashorn.jar
7fa81d94a000-7fa81d965000 r--s 00394000 08:01 1973431                    /usr/lib/jvm/java-8-openjdk-amd64/jre/lib/ext/cldrdata.jar
7fa81d965000-7fa81d966000 ---p 00000000 00:00 0 
7fa81d966000-7fa81da66000 rw-p 00000000 00:00 0 
7fa81da66000-7fa81da69000 ---p 00000000 00:00 0 
7fa81da69000-7fa81db67000 rw-p 00000000 00:00 0 
7fa81db67000-7fa81db6a000 ---p 00000000 00:00 0 
7fa81db6a000-7fa81dc68000 rw-p 00000000 00:00 0 
7fa81dc68000-7fa81dc6b000 ---p 00000000 00:00 0 
7fa81dc6b000-7fa81dd69000 rw-p 00000000 00:00 0 
7fa81dd69000-7fa81dd6c000 ---p 00000000 00:00 0 
7fa81dd6c000-7fa81de6a000 rw-p 00000000 00:00 0 
7fa81de6a000-7fa81de6d000 ---p 00000000 00:00 0 
7fa81de6d000-7fa81df6b000 rw-p 00000000 00:00 0 
7fa81df6b000-7fa81e383000 r--p 00000000 08:01 1836497                    /usr/lib/locale/locale-archive
7fa81e383000-7fa81e386000 ---p 00000000 00:00 0 
7fa81e386000-7fa81e484000 rw-p 00000000 00:00 0 
7fa81e484000-7fa81e487000 ---p 00000000 00:00 0 
7fa81e487000-7fa81e585000 rw-p 00000000 00:00 0 
7fa81e585000-7fa81e586000 ---p 00000000 00:00 0 
7fa81e586000-7fa81f5f8000 rw-p 00000000 00:00 0 
7fa81f5f8000-7fa81f7c6000 r--s 03c2c000 08:01 1973449                    /usr/lib/jvm/java-8-openjdk-amd64/jre/lib/rt.jar
7fa81f7c6000-7fa81fc06000 rw-p 00000000 00:00 0 
7fa81fc06000-7fa81ffc6000 ---p 00000000 00:00 0 
7fa81ffc6000-7fa838eff000 rw-p 00000000 00:00 0 
7fa838eff000-7fa838f00000 ---p 00000000 00:00 0 
7fa838f00000-7fa839000000 rw-p 00000000 00:00 0 
7fa839000000-7fa839270000 rwxp 00000000 00:00 0 
7fa839270000-7fa848000000 ---p 00000000 00:00 0 
7fa848000000-7fa848154000 rw-p 00000000 00:00 0 
7fa848154000-7fa84c000000 ---p 00000000 00:00 0 
7fa84c00e000-7fa84c0c6000 rw-p 00000000 00:00 0 
7fa84c0c6000-7fa84c0c7000 ---p 00000000 00:00 0 
7fa84c0c7000-7fa84c1c7000 rw-p 00000000 00:00 0 
7fa84c1c7000-7fa84c1c8000 ---p 00000000 00:00 0 
7fa84c1c8000-7fa84c2c8000 rw-p 00000000 00:00 0 
7fa84c2c8000-7fa84c2c9000 ---p 00000000 00:00 0 
7fa84c2c9000-7fa84c4c3000 rw-p 00000000 00:00 0 
7fa84c4c3000-7fa84d368000 ---p 00000000 00:00 0 
7fa84d368000-7fa84d462000 rw-p 00000000 00:00 0 
7fa84d462000-7fa84e306000 ---p 00000000 00:00 0 
7fa84e306000-7fa84e49e000 rw-p 00000000 00:00 0 
7fa84e49e000-7fa84ead6000 ---p 00000000 00:00 0 
7fa84ead6000-7fa84eae1000 rw-p 00000000 00:00 0 
7fa84eae1000-7fa84ee97000 ---p 00000000 00:00 0 
7fa84ee97000-7fa84ee9f000 r-xp 00000000 08:01 1973464                    /usr/lib/jvm/java-8-openjdk-amd64/jre/lib/amd64/libzip.so
7fa84ee9f000-7fa84f09e000 ---p 00008000 08:01 1973464                    /usr/lib/jvm/java-8-openjdk-amd64/jre/lib/amd64/libzip.so
7fa84f09e000-7fa84f09f000 r--p 00007000 08:01 1973464                    /usr/lib/jvm/java-8-openjdk-amd64/jre/lib/amd64/libzip.so
7fa84f09f000-7fa84f0a0000 rw-p 00008000 08:01 1973464                    /usr/lib/jvm/java-8-openjdk-amd64/jre/lib/amd64/libzip.so
7fa84f0a0000-7fa84f0ab000 r-xp 00000000 08:01 3065960                    /lib/x86_64-linux-gnu/libnss_files-2.23.so
7fa84f0ab000-7fa84f2aa000 ---p 0000b000 08:01 3065960                    /lib/x86_64-linux-gnu/libnss_files-2.23.so
7fa84f2aa000-7fa84f2ab000 r--p 0000a000 08:01 3065960                    /lib/x86_64-linux-gnu/libnss_files-2.23.so
7fa84f2ab000-7fa84f2ac000 rw-p 0000b000 08:01 3065960                    /lib/x86_64-linux-gnu/libnss_files-2.23.so
7fa84f2ac000-7fa84f2b2000 rw-p 00000000 00:00 0 
7fa84f2b2000-7fa84f2bd000 r-xp 00000000 08:01 3065964                    /lib/x86_64-linux-gnu/libnss_nis-2.23.so
7fa84f2bd000-7fa84f4bc000 ---p 0000b000 08:01 3065964                    /lib/x86_64-linux-gnu/libnss_nis-2.23.so
7fa84f4bc000-7fa84f4bd000 r--p 0000a000 08:01 3065964                    /lib/x86_64-linux-gnu/libnss_nis-2.23.so
7fa84f4bd000-7fa84f4be000 rw-p 0000b000 08:01 3065964                    /lib/x86_64-linux-gnu/libnss_nis-2.23.so
7fa84f4be000-7fa84f4d4000 r-xp 00000000 08:01 3065944                    /lib/x86_64-linux-gnu/libnsl-2.23.so
7fa84f4d4000-7fa84f6d3000 ---p 00016000 08:01 3065944                    /lib/x86_64-linux-gnu/libnsl-2.23.so
7fa84f6d3000-7fa84f6d4000 r--p 00015000 08:01 3065944                    /lib/x86_64-linux-gnu/libnsl-2.23.so
7fa84f6d4000-7fa84f6d5000 rw-p 00016000 08:01 3065944                    /lib/x86_64-linux-gnu/libnsl-2.23.so
7fa84f6d5000-7fa84f6d7000 rw-p 00000000 00:00 0 
7fa84f6d7000-7fa84f6df000 r-xp 00000000 08:01 3065955                    /lib/x86_64-linux-gnu/libnss_compat-2.23.so
7fa84f6df000-7fa84f8de000 ---p 00008000 08:01 3065955                    /lib/x86_64-linux-gnu/libnss_compat-2.23.so
7fa84f8de000-7fa84f8df000 r--p 00007000 08:01 3065955                    /lib/x86_64-linux-gnu/libnss_compat-2.23.so
7fa84f8df000-7fa84f8e0000 rw-p 00008000 08:01 3065955                    /lib/x86_64-linux-gnu/libnss_compat-2.23.so
7fa84f8e0000-7fa84f90d000 r-xp 00000000 08:01 1973467                    /usr/lib/jvm/java-8-openjdk-amd64/jre/lib/amd64/libjava.so
7fa84f90d000-7fa84fb0c000 ---p 0002d000 08:01 1973467                    /usr/lib/jvm/java-8-openjdk-amd64/jre/lib/amd64/libjava.so
7fa84fb0c000-7fa84fb0d000 r--p 0002c000 08:01 1973467                    /usr/lib/jvm/java-8-openjdk-amd64/jre/lib/amd64/libjava.so
7fa84fb0d000-7fa84fb0f000 rw-p 0002d000 08:01 1973467                    /usr/lib/jvm/java-8-openjdk-amd64/jre/lib/amd64/libjava.so
7fa84fb0f000-7fa84fb1e000 r-xp 00000000 08:01 1973477                    /usr/lib/jvm/java-8-openjdk-amd64/jre/lib/amd64/libverify.so
7fa84fb1e000-7fa84fd1d000 ---p 0000f000 08:01 1973477                    /usr/lib/jvm/java-8-openjdk-amd64/jre/lib/amd64/libverify.so
7fa84fd1d000-7fa84fd1f000 r--p 0000e000 08:01 1973477                    /usr/lib/jvm/java-8-openjdk-amd64/jre/lib/amd64/libverify.so
7fa84fd1f000-7fa84fd20000 rw-p 00010000 08:01 1973477                    /usr/lib/jvm/java-8-openjdk-amd64/jre/lib/amd64/libverify.so
7fa84fd20000-7fa84fd27000 r-xp 00000000 08:01 3065965                    /lib/x86_64-linux-gnu/librt-2.23.so
7fa84fd27000-7fa84ff26000 ---p 00007000 08:01 3065965                    /lib/x86_64-linux-gnu/librt-2.23.so
7fa84ff26000-7fa84ff27000 r--p 00006000 08:01 3065965                    /lib/x86_64-linux-gnu/librt-2.23.so
7fa84ff27000-7fa84ff28000 rw-p 00007000 08:01 3065965                    /lib/x86_64-linux-gnu/librt-2.23.so
7fa84ff28000-7fa84ff3e000 r-xp 00000000 08:01 3019274                    /lib/x86_64-linux-gnu/libgcc_s.so.1
7fa84ff3e000-7fa85013d000 ---p 00016000 08:01 3019274                    /lib/x86_64-linux-gnu/libgcc_s.so.1
7fa85013d000-7fa85013e000 rw-p 00015000 08:01 3019274                    /lib/x86_64-linux-gnu/libgcc_s.so.1
7fa85013e000-7fa850246000 r-xp 00000000 08:01 3037699                    /lib/x86_64-linux-gnu/libm-2.23.so
7fa850246000-7fa850445000 ---p 00108000 08:01 3037699                    /lib/x86_64-linux-gnu/libm-2.23.so
7fa850445000-7fa850446000 r--p 00107000 08:01 3037699                    /lib/x86_64-linux-gnu/libm-2.23.so
7fa850446000-7fa850447000 rw-p 00108000 08:01 3037699                    /lib/x86_64-linux-gnu/libm-2.23.so
7fa850447000-7fa8505b9000 r-xp 00000000 08:01 1837053                    /usr/lib/x86_64-linux-gnu/libstdc++.so.6.0.21
7fa8505b9000-7fa8507b9000 ---p 00172000 08:01 1837053                    /usr/lib/x86_64-linux-gnu/libstdc++.so.6.0.21
7fa8507b9000-7fa8507c3000 r--p 00172000 08:01 1837053                    /usr/lib/x86_64-linux-gnu/libstdc++.so.6.0.21
7fa8507c3000-7fa8507c5000 rw-p 0017c000 08:01 1837053                    /usr/lib/x86_64-linux-gnu/libstdc++.so.6.0.21
7fa8507c5000-7fa8507c9000 rw-p 00000000 00:00 0 
7fa8507c9000-7fa851421000 r-xp 00000000 08:01 1973462                    /usr/lib/jvm/java-8-openjdk-amd64/jre/lib/amd64/server/libjvm.so
7fa851421000-7fa851621000 ---p 00c58000 08:01 1973462                    /usr/lib/jvm/java-8-openjdk-amd64/jre/lib/amd64/server/libjvm.so
7fa851621000-7fa8516b4000 r--p 00c58000 08:01 1973462                    /usr/lib/jvm/java-8-openjdk-amd64/jre/lib/amd64/server/libjvm.so
7fa8516b4000-7fa8516dd000 rw-p 00ceb000 08:01 1973462                    /usr/lib/jvm/java-8-openjdk-amd64/jre/lib/amd64/server/libjvm.so
7fa8516dd000-7fa85170d000 rw-p 00000000 00:00 0 
7fa85170d000-7fa851725000 r-xp 00000000 08:01 3065946                    /lib/x86_64-linux-gnu/libpthread-2.23.so
7fa851725000-7fa851924000 ---p 00018000 08:01 3065946                    /lib/x86_64-linux-gnu/libpthread-2.23.so
7fa851924000-7fa851925000 r--p 00017000 08:01 3065946                    /lib/x86_64-linux-gnu/libpthread-2.23.so
7fa851925000-7fa851926000 rw-p 00018000 08:01 3065946                    /lib/x86_64-linux-gnu/libpthread-2.23.so
7fa851926000-7fa85192a000 rw-p 00000000 00:00 0 
7fa85192a000-7fa85192d000 r-xp 00000000 08:01 3065949                    /lib/x86_64-linux-gnu/libdl-2.23.so
7fa85192d000-7fa851b2c000 ---p 00003000 08:01 3065949                    /lib/x86_64-linux-gnu/libdl-2.23.so
7fa851b2c000-7fa851b2d000 r--p 00002000 08:01 3065949                    /lib/x86_64-linux-gnu/libdl-2.23.so
7fa851b2d000-7fa851b2e000 rw-p 00003000 08:01 3065949                    /lib/x86_64-linux-gnu/libdl-2.23.so
7fa851b2e000-7fa851b47000 r-xp 00000000 08:01 3019191                    /lib/x86_64-linux-gnu/libz.so.1.2.8
7fa851b47000-7fa851d46000 ---p 00019000 08:01 3019191                    /lib/x86_64-linux-gnu/libz.so.1.2.8
7fa851d46000-7fa851d47000 r--p 00018000 08:01 3019191                    /lib/x86_64-linux-gnu/libz.so.1.2.8
7fa851d47000-7fa851d48000 rw-p 00019000 08:01 3019191                    /lib/x86_64-linux-gnu/libz.so.1.2.8
7fa851d48000-7fa851f08000 r-xp 00000000 08:01 3065947                    /lib/x86_64-linux-gnu/libc-2.23.so
7fa851f08000-7fa852108000 ---p 001c0000 08:01 3065947                    /lib/x86_64-linux-gnu/libc-2.23.so
7fa852108000-7fa85210c000 r--p 001c0000 08:01 3065947                    /lib/x86_64-linux-gnu/libc-2.23.so
7fa85210c000-7fa85210e000 rw-p 001c4000 08:01 3065947                    /lib/x86_64-linux-gnu/libc-2.23.so
7fa85210e000-7fa852112000 rw-p 00000000 00:00 0 
7fa852112000-7fa85211f000 r-xp 00000000 08:01 1973473                    /usr/lib/jvm/java-8-openjdk-amd64/jre/lib/amd64/jli/libjli.so
7fa85211f000-7fa85231f000 ---p 0000d000 08:01 1973473                    /usr/lib/jvm/java-8-openjdk-amd64/jre/lib/amd64/jli/libjli.so
7fa85231f000-7fa852320000 r--p 0000d000 08:01 1973473                    /usr/lib/jvm/java-8-openjdk-amd64/jre/lib/amd64/jli/libjli.so
7fa852320000-7fa852321000 rw-p 0000e000 08:01 1973473                    /usr/lib/jvm/java-8-openjdk-amd64/jre/lib/amd64/jli/libjli.so
7fa852321000-7fa852347000 r-xp 00000000 08:01 3065945                    /lib/x86_64-linux-gnu/ld-2.23.so
7fa85234a000-7fa85234d000 r--s 0000f000 08:01 1973426                    /usr/lib/jvm/java-8-openjdk-amd64/jre/lib/ext/icedtea-sound.jar
7fa85234d000-7fa852350000 r--s 00038000 08:01 1973424                    /usr/lib/jvm/java-8-openjdk-amd64/jre/lib/ext/sunpkcs11.jar
7fa852350000-7fa852351000 r--s 00010000 08:01 1973432                    /usr/lib/jvm/java-8-openjdk-amd64/jre/lib/ext/zipfs.jar
7fa852351000-7fa852356000 r--s 0003b000 08:01 1973427                    /usr/lib/jvm/java-8-openjdk-amd64/jre/lib/ext/sunjce_provider.jar
7fa852356000-7fa852357000 r--s 0000a000 08:01 1973428                    /usr/lib/jvm/java-8-openjdk-amd64/jre/lib/ext/jaccess.jar
7fa852357000-7fa852428000 rw-p 00000000 00:00 0 
7fa852428000-7fa85242b000 ---p 00000000 00:00 0 
7fa85242b000-7fa85252d000 rw-p 00000000 00:00 0 
7fa85252d000-7fa85252f000 r--s 00001000 08:01 1973430                    /usr/lib/jvm/java-8-openjdk-amd64/jre/lib/ext/dnsns.jar
7fa85252f000-7fa852539000 r--s 00116000 08:01 1973425                    /usr/lib/jvm/java-8-openjdk-amd64/jre/lib/ext/localedata.jar
7fa852539000-7fa85253b000 r--s 00008000 08:01 1973429                    /usr/lib/jvm/java-8-openjdk-amd64/jre/lib/ext/sunec.jar
7fa85253b000-7fa852543000 rw-s 00000000 08:01 1443220                    /tmp/hsperfdata_20146110/24339
7fa852543000-7fa852544000 rw-p 00000000 00:00 0 
7fa852544000-7fa852545000 ---p 00000000 00:00 0 
7fa852545000-7fa852546000 rw-p 00000000 00:00 0 
7fa852546000-7fa852547000 r--p 00025000 08:01 3065945                    /lib/x86_64-linux-gnu/ld-2.23.so
7fa852547000-7fa852548000 rw-p 00026000 08:01 3065945                    /lib/x86_64-linux-gnu/ld-2.23.so
7fa852548000-7fa852549000 rw-p 00000000 00:00 0 
7ffc97232000-7ffc97253000 rw-p 00000000 00:00 0                          [stack]
7ffc973f1000-7ffc973f4000 r--p 00000000 00:00 0                          [vvar]
7ffc973f4000-7ffc973f6000 r-xp 00000000 00:00 0                          [vdso]
ffffffffff600000-ffffffffff601000 r-xp 00000000 00:00 0                  [vsyscall]

VM Arguments:
java_command: Solver testinput/puzzle49.txt
java_class_path (initial): :/usr/src/tinyos/support/sdk/java/tinyos.jar
Launcher Type: SUN_STANDARD

Environment Variables:
CLASSPATH=:/usr/src/tinyos/support/sdk/java/tinyos.jar
PATH=/student/20146110/bin:/student/20146110/.local/bin:/usr/local/sbin:/usr/local/bin:/usr/sbin:/usr/bin:/sbin:/bin:/usr/games:/usr/local/games:/snap/bin
SHELL=/bin/bash
DISPLAY=localhost:13.0

Signal Handlers:
SIGSEGV: [libjvm.so+0xa6dcc0], sa_mask[0]=11111111011111111101111111111110, sa_flags=SA_RESTART|SA_SIGINFO
SIGBUS: [libjvm.so+0xa6dcc0], sa_mask[0]=11111111011111111101111111111110, sa_flags=SA_RESTART|SA_SIGINFO
SIGFPE: [libjvm.so+0x8b5350], sa_mask[0]=11111111011111111101111111111110, sa_flags=SA_RESTART|SA_SIGINFO
SIGPIPE: [libjvm.so+0x8b5350], sa_mask[0]=11111111011111111101111111111110, sa_flags=SA_RESTART|SA_SIGINFO
SIGXFSZ: [libjvm.so+0x8b5350], sa_mask[0]=11111111011111111101111111111110, sa_flags=SA_RESTART|SA_SIGINFO
SIGILL: [libjvm.so+0x8b5350], sa_mask[0]=11111111011111111101111111111110, sa_flags=SA_RESTART|SA_SIGINFO
SIGUSR1: SIG_DFL, sa_mask[0]=00000000000000000000000000000000, sa_flags=none
SIGUSR2: [libjvm.so+0x8b5200], sa_mask[0]=00000000000000000000000000000000, sa_flags=SA_RESTART|SA_SIGINFO
SIGHUP: [libjvm.so+0x8b56d0], sa_mask[0]=11111111011111111101111111111110, sa_flags=SA_RESTART|SA_SIGINFO
SIGINT: [libjvm.so+0x8b56d0], sa_mask[0]=11111111011111111101111111111110, sa_flags=SA_RESTART|SA_SIGINFO
SIGTERM: [libjvm.so+0x8b56d0], sa_mask[0]=11111111011111111101111111111110, sa_flags=SA_RESTART|SA_SIGINFO
SIGQUIT: [libjvm.so+0x8b56d0], sa_mask[0]=11111111011111111101111111111110, sa_flags=SA_RESTART|SA_SIGINFO


---------------  S Y S T E M  ---------------

OS:DISTRIB_ID=Ubuntu
DISTRIB_RELEASE=16.04
DISTRIB_CODENAME=xenial
DISTRIB_DESCRIPTION="Ubuntu 16.04.4 LTS"

uname:Linux 4.4.0-121-generic #145-Ubuntu SMP Fri Apr 13 13:47:23 UTC 2018 x86_64
libc:glibc 2.23 NPTL 2.23 
rlimit: STACK 8192k, CORE 0k, NPROC 191757, NOFILE 1048576, AS infinity
load average:7.98 6.07 6.60

/proc/meminfo:
MemTotal:       49130756 kB
MemFree:          393180 kB
MemAvailable:     159108 kB
Buffers:           19300 kB
Cached:           108596 kB
SwapCached:        15520 kB
Active:         45867456 kB
Inactive:        2434552 kB
Active(anon):   45810712 kB
Inactive(anon):  2393608 kB
Active(file):      56744 kB
Inactive(file):    40944 kB
Unevictable:           0 kB
Mlocked:               0 kB
SwapTotal:       8050684 kB
SwapFree:         660416 kB
Dirty:               936 kB
Writeback:             0 kB
AnonPages:      48160320 kB
Mapped:            65736 kB
Shmem:             30208 kB
Slab:              89432 kB
SReclaimable:      37912 kB
SUnreclaim:        51520 kB
KernelStack:       20848 kB
PageTables:       167516 kB
NFS_Unstable:          0 kB
Bounce:                0 kB
WritebackTmp:          0 kB
CommitLimit:    32616060 kB
Committed_AS:   88115896 kB
VmallocTotal:   34359738367 kB
VmallocUsed:           0 kB
VmallocChunk:          0 kB
HardwareCorrupted:     0 kB
AnonHugePages:         0 kB
CmaTotal:              0 kB
CmaFree:               0 kB
HugePages_Total:       0
HugePages_Free:        0
HugePages_Rsvd:        0
HugePages_Surp:        0
Hugepagesize:       2048 kB
DirectMap4k:      325544 kB
DirectMap2M:    42330112 kB
DirectMap1G:     7340032 kB


CPU:total 4 (initial active 4) (4 cores per cpu, 1 threads per core) family 6 model 94 stepping 3, cmov, cx8, fxsr, mmx, sse, sse2, sse3, ssse3, sse4.1, sse4.2, popcnt, avx, avx2, aes, clmul, erms, 3dnowpref, lzcnt, tsc, tscinvbit, bmi1, bmi2, adx

/proc/cpuinfo:
processor	: 0
vendor_id	: GenuineIntel
cpu family	: 6
model		: 94
model name	: Intel(R) Core(TM) i5-6400 CPU @ 2.70GHz
stepping	: 3
microcode	: 0x76
cpu MHz		: 3099.937
cache size	: 6144 KB
physical id	: 0
siblings	: 4
core id		: 0
cpu cores	: 4
apicid		: 0
initial apicid	: 0
fpu		: yes
fpu_exception	: yes
cpuid level	: 22
wp		: yes
flags		: fpu vme de pse tsc msr pae mce cx8 apic sep mtrr pge mca cmov pat pse36 clflush dts acpi mmx fxsr sse sse2 ss ht tm pbe syscall nx pdpe1gb rdtscp lm constant_tsc art arch_perfmon pebs bts rep_good nopl xtopology nonstop_tsc aperfmperf eagerfpu pni pclmulqdq dtes64 monitor ds_cpl vmx est tm2 ssse3 sdbg fma cx16 xtpr pdcm pcid sse4_1 sse4_2 x2apic movbe popcnt tsc_deadline_timer aes xsave avx f16c rdrand lahf_lm abm 3dnowprefetch epb invpcid_single intel_pt rsb_ctxsw retpoline kaiser tpr_shadow vnmi flexpriority ept vpid fsgsbase tsc_adjust bmi1 avx2 smep bmi2 erms invpcid mpx rdseed adx smap clflushopt xsaveopt xsavec xgetbv1 dtherm ida arat pln pts hwp hwp_notify hwp_act_window hwp_epp
bugs		: cpu_meltdown spectre_v1 spectre_v2
bogomips	: 5424.13
clflush size	: 64
cache_alignment	: 64
address sizes	: 39 bits physical, 48 bits virtual
power management:

processor	: 1
vendor_id	: GenuineIntel
cpu family	: 6
model		: 94
model name	: Intel(R) Core(TM) i5-6400 CPU @ 2.70GHz
stepping	: 3
microcode	: 0x76
cpu MHz		: 3099.937
cache size	: 6144 KB
physical id	: 0
siblings	: 4
core id		: 1
cpu cores	: 4
apicid		: 2
initial apicid	: 2
fpu		: yes
fpu_exception	: yes
cpuid level	: 22
wp		: yes
flags		: fpu vme de pse tsc msr pae mce cx8 apic sep mtrr pge mca cmov pat pse36 clflush dts acpi mmx fxsr sse sse2 ss ht tm pbe syscall nx pdpe1gb rdtscp lm constant_tsc art arch_perfmon pebs bts rep_good nopl xtopology nonstop_tsc aperfmperf eagerfpu pni pclmulqdq dtes64 monitor ds_cpl vmx est tm2 ssse3 sdbg fma cx16 xtpr pdcm pcid sse4_1 sse4_2 x2apic movbe popcnt tsc_deadline_timer aes xsave avx f16c rdrand lahf_lm abm 3dnowprefetch epb invpcid_single intel_pt rsb_ctxsw retpoline kaiser tpr_shadow vnmi flexpriority ept vpid fsgsbase tsc_adjust bmi1 avx2 smep bmi2 erms invpcid mpx rdseed adx smap clflushopt xsaveopt xsavec xgetbv1 dtherm ida arat pln pts hwp hwp_notify hwp_act_window hwp_epp
bugs		: cpu_meltdown spectre_v1 spectre_v2
bogomips	: 5424.13
clflush size	: 64
cache_alignment	: 64
address sizes	: 39 bits physical, 48 bits virtual
power management:

processor	: 2
vendor_id	: GenuineIntel
cpu family	: 6
model		: 94
model name	: Intel(R) Core(TM) i5-6400 CPU @ 2.70GHz
stepping	: 3
microcode	: 0x76
cpu MHz		: 3099.937
cache size	: 6144 KB
physical id	: 0
siblings	: 4
core id		: 2
cpu cores	: 4
apicid		: 4
initial apicid	: 4
fpu		: yes
fpu_exception	: yes
cpuid level	: 22
wp		: yes
flags		: fpu vme de pse tsc msr pae mce cx8 apic sep mtrr pge mca cmov pat pse36 clflush dts acpi mmx fxsr sse sse2 ss ht tm pbe syscall nx pdpe1gb rdtscp lm constant_tsc art arch_perfmon pebs bts rep_good nopl xtopology nonstop_tsc aperfmperf eagerfpu pni pclmulqdq dtes64 monitor ds_cpl vmx est tm2 ssse3 sdbg fma cx16 xtpr pdcm pcid sse4_1 sse4_2 x2apic movbe popcnt tsc_deadline_timer aes xsave avx f16c rdrand lahf_lm abm 3dnowprefetch epb invpcid_single intel_pt rsb_ctxsw retpoline kaiser tpr_shadow vnmi flexpriority ept vpid fsgsbase tsc_adjust bmi1 avx2 smep bmi2 erms invpcid mpx rdseed adx smap clflushopt xsaveopt xsavec xgetbv1 dtherm ida arat pln pts hwp hwp_notify hwp_act_window hwp_epp
bugs		: cpu_meltdown spectre_v1 spectre_v2
bogomips	: 5424.13
clflush size	: 64
cache_alignment	: 64
address sizes	: 39 bits physical, 48 bits virtual
power management:

processor	: 3
vendor_id	: GenuineIntel
cpu family	: 6
model		: 94
model name	: Intel(R) Core(TM) i5-6400 CPU @ 2.70GHz
stepping	: 3
microcode	: 0x76
cpu MHz		: 3099.937
cache size	: 6144 KB
physical id	: 0
siblings	: 4
core id		: 3
cpu cores	: 4
apicid		: 6
initial apicid	: 6
fpu		: yes
fpu_exception	: yes
cpuid level	: 22
wp		: yes
flags		: fpu vme de pse tsc msr pae mce cx8 apic sep mtrr pge mca cmov pat pse36 clflush dts acpi mmx fxsr sse sse2 ss ht tm pbe syscall nx pdpe1gb rdtscp lm constant_tsc art arch_perfmon pebs bts rep_good nopl xtopology nonstop_tsc aperfmperf eagerfpu pni pclmulqdq dtes64 monitor ds_cpl vmx est tm2 ssse3 sdbg fma cx16 xtpr pdcm pcid sse4_1 sse4_2 x2apic movbe popcnt tsc_deadline_timer aes xsave avx f16c rdrand lahf_lm abm 3dnowprefetch epb invpcid_single intel_pt rsb_ctxsw retpoline kaiser tpr_shadow vnmi flexpriority ept vpid fsgsbase tsc_adjust bmi1 avx2 smep bmi2 erms invpcid mpx rdseed adx smap clflushopt xsaveopt xsavec xgetbv1 dtherm ida arat pln pts hwp hwp_notify hwp_act_window hwp_epp
bugs		: cpu_meltdown spectre_v1 spectre_v2
bogomips	: 5424.13
clflush size	: 64
cache_alignment	: 64
address sizes	: 39 bits physical, 48 bits virtual
power management:



Memory: 4k page, physical 49130756k(393180k free), swap 8050684k(660416k free)

vm_info: OpenJDK 64-Bit Server VM (25.162-b12) for linux-amd64 JRE (1.8.0_162-8u162-b12-0ubuntu0.16.04.2-b12), built on Mar 14 2018 12:11:18 by "buildd" with gcc 5.4.0 20160609

time: Wed May  9 03:33:03 2018
elapsed time: 6 seconds (0d 0h 0m 6s)

