#
# There is insufficient memory for the Java Runtime Environment to continue.
# Native memory allocation (mmap) failed to map 132120576 bytes for Failed to commit area from 0x0000000082800000 to 0x000000008a600000 of length 132120576.
# Possible reasons:
#   The system is out of physical RAM or swap space
#   The process is running with CompressedOops enabled, and the Java Heap may be blocking the growth of the native heap
# Possible solutions:
#   Reduce memory load on the system
#   Increase physical memory or swap space
#   Check if swap backing store is full
#   Decrease Java heap size (-Xmx/-Xms)
#   Decrease number of Java threads
#   Decrease Java thread stack sizes (-Xss)
#   Set larger code cache with -XX:ReservedCodeCacheSize=
# This output file may be truncated or incomplete.
#
#  Out of Memory Error (t:/workspace/hotspot/src/os/windows/vm/os_windows.cpp:3357), pid=35316, tid=35384
#
# JRE version:  (9.0+11) (build )
# Java VM: Java HotSpot(TM) 64-Bit Server VM (9.0.4+11, mixed mode, tiered, compressed oops, g1 gc, windows-amd64)
# No core dump will be written. Minidumps are not enabled by default on client versions of Windows
#

---------------  S U M M A R Y ------------

Command Line: -Dfile.encoding=MS949 programminglanguage.MyNewGrammar

Host: Intel(R) Core(TM) i7-8550U CPU @ 1.80GHz, 8 cores, 7G,  Windows 10 , 64 bit Build 17134 (10.0.17134.1)
Time: Wed Dec 12 04:42:26 2018 ´eCN¹I±¹ C￥AØ½A elapsed time: 0 seconds (0d 0h 0m 0s)

---------------  T H R E A D  ---------------

Current thread (0x0000021c150b6800):  JavaThread "Unknown thread" [_thread_in_vm, id=35384, stack(0x0000008e06900000,0x0000008e06a00000)]

Stack: [0x0000008e06900000,0x0000008e06a00000]
Native frames: (J=compiled Java code, j=interpreted, Vv=VM code, C=native code)
V  [jvm.dll+0x587068]
V  [jvm.dll+0x69c25e]
V  [jvm.dll+0x69d17a]
V  [jvm.dll+0x69d7b3]
V  [jvm.dll+0x21d198]
V  [jvm.dll+0x584bb4]
V  [jvm.dll+0x57a095]
V  [jvm.dll+0x2cd67b]
V  [jvm.dll+0x2cd5e3]
V  [jvm.dll+0x2cd4b2]
V  [jvm.dll+0x2cf4b3]
V  [jvm.dll+0x3191e3]
V  [jvm.dll+0x3198f6]
V  [jvm.dll+0x3192e3]
V  [jvm.dll+0x2adeb8]
V  [jvm.dll+0x2af0e7]
V  [jvm.dll+0x67b34d]
V  [jvm.dll+0x67c70c]
V  [jvm.dll+0x3269c9]
V  [jvm.dll+0x66555e]
V  [jvm.dll+0x391811]
V  [jvm.dll+0x3937c1]
C  [javaw.exe+0x3501]
C  [javaw.exe+0xe25f]
C  [javaw.exe+0xe406]
C  [KERNEL32.DLL+0x13034]
C  [ntdll.dll+0x71471]


---------------  P R O C E S S  ---------------

Java Threads: ( => current thread )

Other Threads:
  0x0000021c150ce800 GCTaskThread "GC Thread#0" [stack: 0x0000008e06a00000,0x0000008e06b00000] [id=35388]
  0x0000021c150d0000 GCTaskThread "GC Thread#1" [stack: 0x0000008e06b00000,0x0000008e06c00000] [id=35392]
  0x0000021c150d1800 GCTaskThread "GC Thread#2" [stack: 0x0000008e06c00000,0x0000008e06d00000] [id=35396]
  0x0000021c150d4800 GCTaskThread "GC Thread#3" [stack: 0x0000008e06d00000,0x0000008e06e00000] [id=35400]
  0x0000021c150e1800 GCTaskThread "GC Thread#4" [stack: 0x0000008e06e00000,0x0000008e06f00000] [id=35404]
  0x0000021c150eb000 GCTaskThread "GC Thread#5" [stack: 0x0000008e06f00000,0x0000008e07000000] [id=35408]
  0x0000021c150e5000 GCTaskThread "GC Thread#6" [stack: 0x0000008e07000000,0x0000008e07100000] [id=35412]
  0x0000021c150e9800 GCTaskThread "GC Thread#7" [stack: 0x0000008e07100000,0x0000008e07200000] [id=35416]
  0x0000021c1513a800 ConcurrentGCThread "G1 Main Marker" [stack: 0x0000008e07b00000,0x0000008e07c00000] [id=35456]
  0x0000021c150ec000 ConcurrentGCThread "G1 Marker#0" [stack: 0x0000008e07c00000,0x0000008e07d00000] [id=35460]
  0x0000021c150e7800 ConcurrentGCThread "G1 Marker#1" [stack: 0x0000008e07d00000,0x0000008e07e00000] [id=35464]
  0x0000021c1510b800 ConcurrentGCThread "G1 Refine#0" [stack: 0x0000008e07900000,0x0000008e07a00000] [id=35448]
  0x0000021c15101800 ConcurrentGCThread "G1 Refine#1" [stack: 0x0000008e07800000,0x0000008e07900000] [id=35444]
  0x0000021c15100000 ConcurrentGCThread "G1 Refine#2" [stack: 0x0000008e07700000,0x0000008e07800000] [id=35440]
  0x0000021c150ff000 ConcurrentGCThread "G1 Refine#3" [stack: 0x0000008e07600000,0x0000008e07700000] [id=35436]
  0x0000021c150fd000 ConcurrentGCThread "G1 Refine#4" [stack: 0x0000008e07500000,0x0000008e07600000] [id=35432]
  0x0000021c150f2000 ConcurrentGCThread "G1 Refine#5" [stack: 0x0000008e07400000,0x0000008e07500000] [id=35428]
  0x0000021c150f1000 ConcurrentGCThread "G1 Refine#6" [stack: 0x0000008e07300000,0x0000008e07400000] [id=35424]
  0x0000021c150f0000 ConcurrentGCThread "G1 Refine#7" [stack: 0x0000008e07200000,0x0000008e07300000] [id=35420]
  0x0000021c1510f800 ConcurrentGCThread "G1 Young RemSet Sampling" [stack: 0x0000008e07a00000,0x0000008e07b00000] [id=35452]

=>0x0000021c150b6800 (exited) JavaThread "Unknown thread" [_thread_in_vm, id=35384, stack(0x0000008e06900000,0x0000008e06a00000)]

Threads with active compile tasks:

VM state:not at safepoint (not fully initialized)

VM Mutex/Monitor currently owned by a thread:  ([mutex/lock_event])
[0x0000021c150b3cd0] Heap_lock - owner thread: 0x0000021c150b6800

Heap address: 0x0000000082800000, size: 2008 MB, Compressed Oops mode: Non-zero based: 0x0000000082800000
Narrow klass base: 0x0000000000000000, Narrow klass shift: 0

GC Heap History (0 events):
No events

Deoptimization events (0 events):
No events

Classes redefined (0 events):
No events

Internal exceptions (0 events):
No events

Events (0 events):
No events


Dynamic libraries:
0x00007ff656ef0000 - 0x00007ff656f2e000 	C:\Program Files\Java\jre-9.0.4\bin\javaw.exe
0x00007ffc59010000 - 0x00007ffc591f1000 	C:\WINDOWS\SYSTEM32\ntdll.dll
0x00007ffc58c60000 - 0x00007ffc58d12000 	C:\WINDOWS\System32\KERNEL32.DLL
0x00007ffc56220000 - 0x00007ffc56493000 	C:\WINDOWS\System32\KERNELBASE.dll
0x00007ffc58d90000 - 0x00007ffc58e31000 	C:\WINDOWS\System32\ADVAPI32.dll
0x00007ffc58490000 - 0x00007ffc5852e000 	C:\WINDOWS\System32\msvcrt.dll
0x00007ffc58f30000 - 0x00007ffc58f8b000 	C:\WINDOWS\System32\sechost.dll
0x00007ffc56800000 - 0x00007ffc56924000 	C:\WINDOWS\System32\RPCRT4.dll
0x00007ffc58080000 - 0x00007ffc58210000 	C:\WINDOWS\System32\USER32.dll
0x00007ffc55b40000 - 0x00007ffc55b60000 	C:\WINDOWS\System32\win32u.dll
0x00007ffc567d0000 - 0x00007ffc567f8000 	C:\WINDOWS\System32\GDI32.dll
0x00007ffc56080000 - 0x00007ffc56212000 	C:\WINDOWS\System32\gdi32full.dll
0x00007ffc55be0000 - 0x00007ffc55c7f000 	C:\WINDOWS\System32\msvcp_win.dll
0x00007ffc55c80000 - 0x00007ffc55d7a000 	C:\WINDOWS\System32\ucrtbase.dll
0x00007ffc3e130000 - 0x00007ffc3e399000 	C:\WINDOWS\WinSxS\amd64_microsoft.windows.common-controls_6595b64144ccf1df_6.0.17134.407_none_fb449d63306391e9\COMCTL32.dll
0x00007ffc43ad0000 - 0x00007ffc43ada000 	C:\WINDOWS\SYSTEM32\VERSION.dll
0x00007ffc564a0000 - 0x00007ffc567c2000 	C:\WINDOWS\System32\combase.dll
0x00007ffc55b60000 - 0x00007ffc55bda000 	C:\WINDOWS\System32\bcryptPrimitives.dll
0x00007ffc58f90000 - 0x00007ffc58fbd000 	C:\WINDOWS\System32\IMM32.DLL
0x00007ffc24510000 - 0x00007ffc245ff000 	C:\Program Files\Java\jre-9.0.4\bin\msvcr120.dll
0x00007ffc24460000 - 0x00007ffc24506000 	C:\Program Files\Java\jre-9.0.4\bin\msvcp120.dll
0x0000000051c00000 - 0x0000000052625000 	C:\Program Files\Java\jre-9.0.4\bin\server\jvm.dll
0x00007ffc58d20000 - 0x00007ffc58d28000 	C:\WINDOWS\System32\PSAPI.DLL
0x00007ffc43a40000 - 0x00007ffc43a49000 	C:\WINDOWS\SYSTEM32\WSOCK32.dll
0x00007ffc52e10000 - 0x00007ffc52e33000 	C:\WINDOWS\SYSTEM32\WINMM.dll
0x00007ffc58420000 - 0x00007ffc5848c000 	C:\WINDOWS\System32\WS2_32.dll
0x00007ffc52de0000 - 0x00007ffc52e0a000 	C:\WINDOWS\SYSTEM32\winmmbase.dll
0x00007ffc55af0000 - 0x00007ffc55b39000 	C:\WINDOWS\System32\cfgmgr32.dll
0x00007ffc4f200000 - 0x00007ffc4f20f000 	C:\Program Files\Java\jre-9.0.4\bin\verify.dll
0x00007ffc31990000 - 0x00007ffc319b7000 	C:\Program Files\Java\jre-9.0.4\bin\java.dll
0x00007ffc40ff0000 - 0x00007ffc41006000 	C:\Program Files\Java\jre-9.0.4\bin\zip.dll
0x00007ffc4bd00000 - 0x00007ffc4bd0a000 	C:\Program Files\Java\jre-9.0.4\bin\jimage.dll
0x00007ffc53da0000 - 0x00007ffc53f69000 	C:\WINDOWS\SYSTEM32\dbghelp.dll

VM Arguments:
jvm_args: -Dfile.encoding=MS949 
java_command: programminglanguage.MyNewGrammar
java_class_path (initial): C:\Users\문태현\eclipse-workspace\programminglanguage\bin
Launcher Type: SUN_STANDARD

Logging:
Log output configuration:
#0: stdout all=warning uptime,level,tags
#1: stderr all=off uptime,level,tags

Environment Variables:
PATH=C:\ProgramData\Miniconda3;C:\ProgramData\Miniconda3\Library\mingw-w64\bin;C:\ProgramData\Miniconda3\Library\usr\bin;C:\ProgramData\Miniconda3\Library\bin;C:\ProgramData\Miniconda3\Scripts;C:\Users\moon\Anaconda3;C:\Users\moon\Anaconda3\Library\mingw-w64\bin;C:\Users\moon\Anaconda3\Library\usr\bin;C:\Users\moon\Anaconda3\Library\bin;C:\Users\moon\Anaconda3\Scripts;C:\Program Files (x86)\Common Files\Oracle\Java\javapath;C:\ProgramData\Oracle\Java\javapath;C:\Program Files (x86)\Intel\iCLS Client\;C:\Program Files\Intel\iCLS Client\;C:\WINDOWS\system32;C:\WINDOWS;C:\WINDOWS\System32\Wbem;C:\WINDOWS\System32\WindowsPowerShell\v1.0\;C:\Program Files (x86)\Intel\Intel(R) Management Engine Components\DAL;C:\Program Files\Intel\Intel(R) Management Engine Components\DAL;C:\Program Files (x86)\Intel\Intel(R) Management Engine Components\IPT;C:\Program Files\Intel\Intel(R) Management Engine Components\IPT;C:\Program Files\Intel\WiFi\bin\;C:\Program Files\Common Files\Intel\WirelessCommon\;C:\Program Files\PuTTY\;C:\WINDOWS\System32\OpenSSH\;C:\Program Files (x86)\MySQL\MySQL Utilities 1.6\;C:\Program Files\Git\cmd;C:\Program Files\Java\jdk-9.0.4\bin;C:\Program Files\CMake\bin;C:\Users\문태현\AppData\Local\Microsoft\WindowsApps;C:\Program Files\Microsoft VS Code\bin;C:\Gradle\gradle-4.10.1\bin;C:\Program Files\Bandizip\
USERNAME=문태현
OS=Windows_NT
PROCESSOR_IDENTIFIER=Intel64 Family 6 Model 142 Stepping 10, GenuineIntel



---------------  S Y S T E M  ---------------

OS: Windows 10 , 64 bit Build 17134 (10.0.17134.1)

CPU:total 8 (initial active 8) (4 cores per cpu, 2 threads per core) family 6 model 142 stepping 10, cmov, cx8, fxsr, mmx, sse, sse2, sse3, ssse3, sse4.1, sse4.2, popcnt, avx, avx2, aes, clmul, erms, 3dnowpref, lzcnt, ht, tsc, tscinvbit, bmi1, bmi2, adx, fma

Memory: 4k page, physical 8217940k(3402836k free), swap 33383764k(62600k free)

vm_info: Java HotSpot(TM) 64-Bit Server VM (9.0.4+11) for windows-amd64 JRE (9.0.4+11), built on Dec 20 2017 02:18:54 by "mach5one" with MS VC++ 12.0 (VS2013)

END.
